<?xml version="1.0" encoding="utf-8"?>
<Level modified="2022-03-11 15:20 MDT">
    <Palette tileWidth="16" tileHeight="16">palette_16x16.png</Palette>
    <Data>test-level.png</Data>
</Level>
